<?xml version="1.0" encoding="UTF-8"?>
<!-- Generated by org.testng.reporters.JUnitXMLReporter -->
<testsuite hostname="DESKTOP-G7PJL0M" ignored="2" name="Test" tests="4" failures="1" timestamp="19 May 2020 04:19:28 GMT" time="26.931" errors="0">
  <testcase name="@BeforeMethod setup" time="0.016" classname="com.qa.TestCases.BaseTest">
    <failure type="java.lang.NullPointerException">
      <![CDATA[java.lang.NullPointerException
at com.qa.TestCases.BaseTest.setup(BaseTest.java:48)
... Removed 28 stack frames]]>
    </failure>
  </testcase> <!-- @BeforeMethod setup -->
  <testcase name="@AfterMethod getResult" time="0.0" classname="com.qa.TestCases.BaseTest">
    <failure type="java.lang.NullPointerException">
      <![CDATA[java.lang.NullPointerException
at com.qa.browser.DriverFactory.quit(DriverFactory.java:77)
at com.qa.TestCases.BaseTest.getResult(BaseTest.java:73)
... Removed 28 stack frames]]>
    </failure>
  </testcase> <!-- @AfterMethod getResult -->
  <testcase name="@BeforeMethod setup" time="0.0" classname="com.qa.TestCases.BaseTest">
    <failure type="java.lang.NullPointerException">
      <![CDATA[java.lang.NullPointerException
at com.qa.TestCases.BaseTest.setup(BaseTest.java:48)
... Removed 28 stack frames]]>
    </failure>
  </testcase> <!-- @BeforeMethod setup -->
  <testcase name="@AfterMethod getResult" time="0.0" classname="com.qa.TestCases.BaseTest">
    <failure type="java.lang.NullPointerException">
      <![CDATA[java.lang.NullPointerException
at com.qa.browser.DriverFactory.quit(DriverFactory.java:77)
at com.qa.TestCases.BaseTest.getResult(BaseTest.java:73)
... Removed 28 stack frames]]>
    </failure>
  </testcase> <!-- @AfterMethod getResult -->
  <testcase name="verifpageTitle" time="0.0" classname="com.qa.TestCases.HomePageTest">
    <skipped/>
  </testcase> <!-- verifpageTitle -->
  <testcase name="verifyPageTitile" time="0.0" classname="com.qa.TestCases.HomePageTest">
    <skipped/>
  </testcase> <!-- verifyPageTitile -->
  <testcase name="verifyCheckBox" time="0.457" classname="com.qa.TestCases.LoginTest"/>
  <testcase name="verifyLoginTest" time="0.0" classname="com.qa.TestCases.LoginTest">
    <failure type="org.testng.TestNGException" message="
Cannot inject @Test annotated Method [verifyLoginTest] with [class java.lang.String, class java.lang.String].
For more information on native dependency injection please refer to http://testng.org/doc/documentation-main.html#native-dependency-injection">
      <![CDATA[org.testng.TestNGException: 
Cannot inject @Test annotated Method [verifyLoginTest] with [class java.lang.String, class java.lang.String].
For more information on native dependency injection please refer to http://testng.org/doc/documentation-main.html#native-dependency-injection
... Removed 24 stack frames]]>
    </failure>
  </testcase> <!-- verifyLoginTest -->
  <testcase name="@BeforeTest startExtendReport" time="0.0" classname="com.qa.TestCases.BaseTest">
    <ignored/>
  </testcase> <!-- @BeforeTest startExtendReport -->
  <testcase name="@AfterTest flushReport" time="0.0" classname="com.qa.TestCases.BaseTest">
    <ignored/>
  </testcase> <!-- @AfterTest flushReport -->
</testsuite> <!-- Test -->
